CRITICAL - 2022-05-07 08:49:38 --> Call to undefined function CodeIgniter\locale_set_default()
#0 D:\xamppp\htdocs\products\vendor\codeigniter4\framework\system\bootstrap.php(146): CodeIgniter\CodeIgniter->initialize()
#1 D:\xamppp\htdocs\products\public\index.php(28): require('D:\\xamppp\\htdoc...')
#2 {main}
CRITICAL - 2022-05-07 08:49:52 --> Call to undefined function CodeIgniter\locale_set_default()
#0 D:\xamppp\htdocs\products\vendor\codeigniter4\framework\system\bootstrap.php(146): CodeIgniter\CodeIgniter->initialize()
#1 D:\xamppp\htdocs\products\public\index.php(28): require('D:\\xamppp\\htdoc...')
#2 {main}
CRITICAL - 2022-05-07 08:51:01 --> Call to undefined function CodeIgniter\locale_set_default()
#0 D:\xamppp\htdocs\products\vendor\codeigniter4\framework\system\bootstrap.php(146): CodeIgniter\CodeIgniter->initialize()
#1 D:\xamppp\htdocs\products\index.php(28): require('D:\\xamppp\\htdoc...')
#2 {main}
CRITICAL - 2022-05-07 08:51:10 --> Call to undefined function CodeIgniter\locale_set_default()
#0 D:\xamppp\htdocs\products\vendor\codeigniter4\framework\system\bootstrap.php(146): CodeIgniter\CodeIgniter->initialize()
#1 D:\xamppp\htdocs\products\index.php(28): require('D:\\xamppp\\htdoc...')
#2 {main}
CRITICAL - 2022-05-07 09:50:43 --> Call to undefined function CodeIgniter\locale_set_default()
#0 D:\xamppp\htdocs\Products110025\vendor\codeigniter4\framework\system\bootstrap.php(146): CodeIgniter\CodeIgniter->initialize()
#1 D:\xamppp\htdocs\Products110025\index.php(28): require('D:\\xamppp\\htdoc...')
#2 {main}
CRITICAL - 2022-05-07 09:51:22 --> Call to undefined function CodeIgniter\locale_set_default()
#0 D:\xamppp\htdocs\Products110025\vendor\codeigniter4\framework\system\bootstrap.php(146): CodeIgniter\CodeIgniter->initialize()
#1 D:\xamppp\htdocs\Products110025\index.php(28): require('D:\\xamppp\\htdoc...')
#2 {main}
CRITICAL - 2022-05-07 09:51:23 --> Call to undefined function CodeIgniter\locale_set_default()
#0 D:\xamppp\htdocs\Products110025\vendor\codeigniter4\framework\system\bootstrap.php(146): CodeIgniter\CodeIgniter->initialize()
#1 D:\xamppp\htdocs\Products110025\index.php(28): require('D:\\xamppp\\htdoc...')
#2 {main}
CRITICAL - 2022-05-07 09:51:23 --> Call to undefined function CodeIgniter\locale_set_default()
#0 D:\xamppp\htdocs\Products110025\vendor\codeigniter4\framework\system\bootstrap.php(146): CodeIgniter\CodeIgniter->initialize()
#1 D:\xamppp\htdocs\Products110025\index.php(28): require('D:\\xamppp\\htdoc...')
#2 {main}
CRITICAL - 2022-05-07 09:51:23 --> Call to undefined function CodeIgniter\locale_set_default()
#0 D:\xamppp\htdocs\Products110025\vendor\codeigniter4\framework\system\bootstrap.php(146): CodeIgniter\CodeIgniter->initialize()
#1 D:\xamppp\htdocs\Products110025\index.php(28): require('D:\\xamppp\\htdoc...')
#2 {main}
CRITICAL - 2022-05-07 09:53:42 --> Call to undefined function CodeIgniter\locale_set_default()
#0 D:\xamppp\htdocs\Products110025\vendor\codeigniter4\framework\system\bootstrap.php(146): CodeIgniter\CodeIgniter->initialize()
#1 D:\xamppp\htdocs\Products110025\index.php(28): require('D:\\xamppp\\htdoc...')
#2 {main}
CRITICAL - 2022-05-07 09:53:42 --> Call to undefined function CodeIgniter\locale_set_default()
#0 D:\xamppp\htdocs\Products110025\vendor\codeigniter4\framework\system\bootstrap.php(146): CodeIgniter\CodeIgniter->initialize()
#1 D:\xamppp\htdocs\Products110025\index.php(28): require('D:\\xamppp\\htdoc...')
#2 {main}
CRITICAL - 2022-05-07 09:53:42 --> Call to undefined function CodeIgniter\locale_set_default()
#0 D:\xamppp\htdocs\Products110025\vendor\codeigniter4\framework\system\bootstrap.php(146): CodeIgniter\CodeIgniter->initialize()
#1 D:\xamppp\htdocs\Products110025\index.php(28): require('D:\\xamppp\\htdoc...')
#2 {main}
CRITICAL - 2022-05-07 09:55:31 --> Call to undefined function CodeIgniter\locale_set_default()
#0 D:\xamppp\htdocs\Products110025\vendor\codeigniter4\framework\system\bootstrap.php(146): CodeIgniter\CodeIgniter->initialize()
#1 D:\xamppp\htdocs\Products110025\index.php(28): require('D:\\xamppp\\htdoc...')
#2 {main}
CRITICAL - 2022-05-07 09:57:57 --> Call to undefined function CodeIgniter\locale_set_default()
#0 D:\xamppp\htdocs\Products110025\vendor\codeigniter4\framework\system\bootstrap.php(146): CodeIgniter\CodeIgniter->initialize()
#1 D:\xamppp\htdocs\Products110025\index.php(28): require('D:\\xamppp\\htdoc...')
#2 {main}
CRITICAL - 2022-05-07 09:57:57 --> Call to undefined function CodeIgniter\locale_set_default()
#0 D:\xamppp\htdocs\Products110025\vendor\codeigniter4\framework\system\bootstrap.php(146): CodeIgniter\CodeIgniter->initialize()
#1 D:\xamppp\htdocs\Products110025\index.php(28): require('D:\\xamppp\\htdoc...')
#2 {main}
CRITICAL - 2022-05-07 09:57:57 --> Call to undefined function CodeIgniter\locale_set_default()
#0 D:\xamppp\htdocs\Products110025\vendor\codeigniter4\framework\system\bootstrap.php(146): CodeIgniter\CodeIgniter->initialize()
#1 D:\xamppp\htdocs\Products110025\index.php(28): require('D:\\xamppp\\htdoc...')
#2 {main}
CRITICAL - 2022-05-07 09:58:42 --> Call to undefined function CodeIgniter\locale_set_default()
#0 D:\xamppp\htdocs\Products110025\vendor\codeigniter4\framework\system\bootstrap.php(146): CodeIgniter\CodeIgniter->initialize()
#1 D:\xamppp\htdocs\Products110025\index.php(28): require('D:\\xamppp\\htdoc...')
#2 {main}
CRITICAL - 2022-05-07 04:09:34 --> Cannot declare class App\Controllers\Home, because the name is already in use
#0 [internal function]: CodeIgniter\Debug\Exceptions->shutdownHandler()
#1 {main}
CRITICAL - 2022-05-07 04:09:56 --> Invalid file: products.php
#0 D:\xamppp\htdocs\Products110025\vendor\codeigniter4\framework\system\View\View.php(198): CodeIgniter\Exceptions\FrameworkException::forInvalidFile('products.php')
#1 D:\xamppp\htdocs\Products110025\vendor\codeigniter4\framework\system\Common.php(1089): CodeIgniter\View\View->render('products', Array, true)
#2 D:\xamppp\htdocs\Products110025\app\Controllers\Products.php(9): view('products')
#3 D:\xamppp\htdocs\Products110025\vendor\codeigniter4\framework\system\CodeIgniter.php(832): App\Controllers\Products->index()
#4 D:\xamppp\htdocs\Products110025\vendor\codeigniter4\framework\system\CodeIgniter.php(419): CodeIgniter\CodeIgniter->runController(Object(App\Controllers\Products))
#5 D:\xamppp\htdocs\Products110025\vendor\codeigniter4\framework\system\CodeIgniter.php(326): CodeIgniter\CodeIgniter->handleRequest(NULL, Object(Config\Cache), false)
#6 D:\xamppp\htdocs\Products110025\index.php(37): CodeIgniter\CodeIgniter->run()
#7 {main}
CRITICAL - 2022-05-07 04:14:39 --> Invalid file: pro.php
#0 D:\xamppp\htdocs\Products110025\vendor\codeigniter4\framework\system\View\View.php(198): CodeIgniter\Exceptions\FrameworkException::forInvalidFile('pro.php')
#1 D:\xamppp\htdocs\Products110025\vendor\codeigniter4\framework\system\Common.php(1089): CodeIgniter\View\View->render('pro', Array, true)
#2 D:\xamppp\htdocs\Products110025\app\Controllers\Products.php(9): view('pro')
#3 D:\xamppp\htdocs\Products110025\vendor\codeigniter4\framework\system\CodeIgniter.php(832): App\Controllers\Products->index()
#4 D:\xamppp\htdocs\Products110025\vendor\codeigniter4\framework\system\CodeIgniter.php(419): CodeIgniter\CodeIgniter->runController(Object(App\Controllers\Products))
#5 D:\xamppp\htdocs\Products110025\vendor\codeigniter4\framework\system\CodeIgniter.php(326): CodeIgniter\CodeIgniter->handleRequest(NULL, Object(Config\Cache), false)
#6 D:\xamppp\htdocs\Products110025\index.php(37): CodeIgniter\CodeIgniter->run()
#7 {main}
CRITICAL - 2022-05-07 04:14:40 --> Invalid file: pro.php
#0 D:\xamppp\htdocs\Products110025\vendor\codeigniter4\framework\system\View\View.php(198): CodeIgniter\Exceptions\FrameworkException::forInvalidFile('pro.php')
#1 D:\xamppp\htdocs\Products110025\vendor\codeigniter4\framework\system\Common.php(1089): CodeIgniter\View\View->render('pro', Array, true)
#2 D:\xamppp\htdocs\Products110025\app\Controllers\Products.php(9): view('pro')
#3 D:\xamppp\htdocs\Products110025\vendor\codeigniter4\framework\system\CodeIgniter.php(832): App\Controllers\Products->index()
#4 D:\xamppp\htdocs\Products110025\vendor\codeigniter4\framework\system\CodeIgniter.php(419): CodeIgniter\CodeIgniter->runController(Object(App\Controllers\Products))
#5 D:\xamppp\htdocs\Products110025\vendor\codeigniter4\framework\system\CodeIgniter.php(326): CodeIgniter\CodeIgniter->handleRequest(NULL, Object(Config\Cache), false)
#6 D:\xamppp\htdocs\Products110025\index.php(37): CodeIgniter\CodeIgniter->run()
#7 {main}
CRITICAL - 2022-05-07 04:14:40 --> Invalid file: pro.php
#0 D:\xamppp\htdocs\Products110025\vendor\codeigniter4\framework\system\View\View.php(198): CodeIgniter\Exceptions\FrameworkException::forInvalidFile('pro.php')
#1 D:\xamppp\htdocs\Products110025\vendor\codeigniter4\framework\system\Common.php(1089): CodeIgniter\View\View->render('pro', Array, true)
#2 D:\xamppp\htdocs\Products110025\app\Controllers\Products.php(9): view('pro')
#3 D:\xamppp\htdocs\Products110025\vendor\codeigniter4\framework\system\CodeIgniter.php(832): App\Controllers\Products->index()
#4 D:\xamppp\htdocs\Products110025\vendor\codeigniter4\framework\system\CodeIgniter.php(419): CodeIgniter\CodeIgniter->runController(Object(App\Controllers\Products))
#5 D:\xamppp\htdocs\Products110025\vendor\codeigniter4\framework\system\CodeIgniter.php(326): CodeIgniter\CodeIgniter->handleRequest(NULL, Object(Config\Cache), false)
#6 D:\xamppp\htdocs\Products110025\index.php(37): CodeIgniter\CodeIgniter->run()
#7 {main}
CRITICAL - 2022-05-07 04:14:40 --> Invalid file: pro.php
#0 D:\xamppp\htdocs\Products110025\vendor\codeigniter4\framework\system\View\View.php(198): CodeIgniter\Exceptions\FrameworkException::forInvalidFile('pro.php')
#1 D:\xamppp\htdocs\Products110025\vendor\codeigniter4\framework\system\Common.php(1089): CodeIgniter\View\View->render('pro', Array, true)
#2 D:\xamppp\htdocs\Products110025\app\Controllers\Products.php(9): view('pro')
#3 D:\xamppp\htdocs\Products110025\vendor\codeigniter4\framework\system\CodeIgniter.php(832): App\Controllers\Products->index()
#4 D:\xamppp\htdocs\Products110025\vendor\codeigniter4\framework\system\CodeIgniter.php(419): CodeIgniter\CodeIgniter->runController(Object(App\Controllers\Products))
#5 D:\xamppp\htdocs\Products110025\vendor\codeigniter4\framework\system\CodeIgniter.php(326): CodeIgniter\CodeIgniter->handleRequest(NULL, Object(Config\Cache), false)
#6 D:\xamppp\htdocs\Products110025\index.php(37): CodeIgniter\CodeIgniter->run()
#7 {main}
CRITICAL - 2022-05-07 04:14:41 --> Invalid file: pro.php
#0 D:\xamppp\htdocs\Products110025\vendor\codeigniter4\framework\system\View\View.php(198): CodeIgniter\Exceptions\FrameworkException::forInvalidFile('pro.php')
#1 D:\xamppp\htdocs\Products110025\vendor\codeigniter4\framework\system\Common.php(1089): CodeIgniter\View\View->render('pro', Array, true)
#2 D:\xamppp\htdocs\Products110025\app\Controllers\Products.php(9): view('pro')
#3 D:\xamppp\htdocs\Products110025\vendor\codeigniter4\framework\system\CodeIgniter.php(832): App\Controllers\Products->index()
#4 D:\xamppp\htdocs\Products110025\vendor\codeigniter4\framework\system\CodeIgniter.php(419): CodeIgniter\CodeIgniter->runController(Object(App\Controllers\Products))
#5 D:\xamppp\htdocs\Products110025\vendor\codeigniter4\framework\system\CodeIgniter.php(326): CodeIgniter\CodeIgniter->handleRequest(NULL, Object(Config\Cache), false)
#6 D:\xamppp\htdocs\Products110025\index.php(37): CodeIgniter\CodeIgniter->run()
#7 {main}
CRITICAL - 2022-05-07 04:14:41 --> Invalid file: pro.php
#0 D:\xamppp\htdocs\Products110025\vendor\codeigniter4\framework\system\View\View.php(198): CodeIgniter\Exceptions\FrameworkException::forInvalidFile('pro.php')
#1 D:\xamppp\htdocs\Products110025\vendor\codeigniter4\framework\system\Common.php(1089): CodeIgniter\View\View->render('pro', Array, true)
#2 D:\xamppp\htdocs\Products110025\app\Controllers\Products.php(9): view('pro')
#3 D:\xamppp\htdocs\Products110025\vendor\codeigniter4\framework\system\CodeIgniter.php(832): App\Controllers\Products->index()
#4 D:\xamppp\htdocs\Products110025\vendor\codeigniter4\framework\system\CodeIgniter.php(419): CodeIgniter\CodeIgniter->runController(Object(App\Controllers\Products))
#5 D:\xamppp\htdocs\Products110025\vendor\codeigniter4\framework\system\CodeIgniter.php(326): CodeIgniter\CodeIgniter->handleRequest(NULL, Object(Config\Cache), false)
#6 D:\xamppp\htdocs\Products110025\index.php(37): CodeIgniter\CodeIgniter->run()
#7 {main}
CRITICAL - 2022-05-07 04:15:42 --> Invalid file: pro.php
#0 D:\xamppp\htdocs\Products110025\vendor\codeigniter4\framework\system\View\View.php(198): CodeIgniter\Exceptions\FrameworkException::forInvalidFile('pro.php')
#1 D:\xamppp\htdocs\Products110025\vendor\codeigniter4\framework\system\Common.php(1089): CodeIgniter\View\View->render('pro.php', Array, true)
#2 D:\xamppp\htdocs\Products110025\app\Controllers\Products.php(9): view('pro.php')
#3 D:\xamppp\htdocs\Products110025\vendor\codeigniter4\framework\system\CodeIgniter.php(832): App\Controllers\Products->index()
#4 D:\xamppp\htdocs\Products110025\vendor\codeigniter4\framework\system\CodeIgniter.php(419): CodeIgniter\CodeIgniter->runController(Object(App\Controllers\Products))
#5 D:\xamppp\htdocs\Products110025\vendor\codeigniter4\framework\system\CodeIgniter.php(326): CodeIgniter\CodeIgniter->handleRequest(NULL, Object(Config\Cache), false)
#6 D:\xamppp\htdocs\Products110025\index.php(37): CodeIgniter\CodeIgniter->run()
#7 {main}
CRITICAL - 2022-05-07 04:24:55 --> Invalid file: pro.php
#0 D:\xamppp\htdocs\Products110025\vendor\codeigniter4\framework\system\View\View.php(198): CodeIgniter\Exceptions\FrameworkException::forInvalidFile('pro.php')
#1 D:\xamppp\htdocs\Products110025\vendor\codeigniter4\framework\system\Common.php(1089): CodeIgniter\View\View->render('pro', Array, true)
#2 D:\xamppp\htdocs\Products110025\app\Controllers\Products.php(11): view('pro')
#3 D:\xamppp\htdocs\Products110025\vendor\codeigniter4\framework\system\CodeIgniter.php(832): App\Controllers\Products->index()
#4 D:\xamppp\htdocs\Products110025\vendor\codeigniter4\framework\system\CodeIgniter.php(419): CodeIgniter\CodeIgniter->runController(Object(App\Controllers\Products))
#5 D:\xamppp\htdocs\Products110025\vendor\codeigniter4\framework\system\CodeIgniter.php(326): CodeIgniter\CodeIgniter->handleRequest(NULL, Object(Config\Cache), false)
#6 D:\xamppp\htdocs\Products110025\index.php(37): CodeIgniter\CodeIgniter->run()
#7 {main}
CRITICAL - 2022-05-07 04:24:57 --> Invalid file: pro.php
#0 D:\xamppp\htdocs\Products110025\vendor\codeigniter4\framework\system\View\View.php(198): CodeIgniter\Exceptions\FrameworkException::forInvalidFile('pro.php')
#1 D:\xamppp\htdocs\Products110025\vendor\codeigniter4\framework\system\Common.php(1089): CodeIgniter\View\View->render('pro', Array, true)
#2 D:\xamppp\htdocs\Products110025\app\Controllers\Products.php(11): view('pro')
#3 D:\xamppp\htdocs\Products110025\vendor\codeigniter4\framework\system\CodeIgniter.php(832): App\Controllers\Products->index()
#4 D:\xamppp\htdocs\Products110025\vendor\codeigniter4\framework\system\CodeIgniter.php(419): CodeIgniter\CodeIgniter->runController(Object(App\Controllers\Products))
#5 D:\xamppp\htdocs\Products110025\vendor\codeigniter4\framework\system\CodeIgniter.php(326): CodeIgniter\CodeIgniter->handleRequest(NULL, Object(Config\Cache), false)
#6 D:\xamppp\htdocs\Products110025\index.php(37): CodeIgniter\CodeIgniter->run()
#7 {main}
CRITICAL - 2022-05-07 04:24:57 --> Invalid file: pro.php
#0 D:\xamppp\htdocs\Products110025\vendor\codeigniter4\framework\system\View\View.php(198): CodeIgniter\Exceptions\FrameworkException::forInvalidFile('pro.php')
#1 D:\xamppp\htdocs\Products110025\vendor\codeigniter4\framework\system\Common.php(1089): CodeIgniter\View\View->render('pro', Array, true)
#2 D:\xamppp\htdocs\Products110025\app\Controllers\Products.php(11): view('pro')
#3 D:\xamppp\htdocs\Products110025\vendor\codeigniter4\framework\system\CodeIgniter.php(832): App\Controllers\Products->index()
#4 D:\xamppp\htdocs\Products110025\vendor\codeigniter4\framework\system\CodeIgniter.php(419): CodeIgniter\CodeIgniter->runController(Object(App\Controllers\Products))
#5 D:\xamppp\htdocs\Products110025\vendor\codeigniter4\framework\system\CodeIgniter.php(326): CodeIgniter\CodeIgniter->handleRequest(NULL, Object(Config\Cache), false)
#6 D:\xamppp\htdocs\Products110025\index.php(37): CodeIgniter\CodeIgniter->run()
#7 {main}
CRITICAL - 2022-05-07 04:24:58 --> Invalid file: pro.php
#0 D:\xamppp\htdocs\Products110025\vendor\codeigniter4\framework\system\View\View.php(198): CodeIgniter\Exceptions\FrameworkException::forInvalidFile('pro.php')
#1 D:\xamppp\htdocs\Products110025\vendor\codeigniter4\framework\system\Common.php(1089): CodeIgniter\View\View->render('pro', Array, true)
#2 D:\xamppp\htdocs\Products110025\app\Controllers\Products.php(11): view('pro')
#3 D:\xamppp\htdocs\Products110025\vendor\codeigniter4\framework\system\CodeIgniter.php(832): App\Controllers\Products->index()
#4 D:\xamppp\htdocs\Products110025\vendor\codeigniter4\framework\system\CodeIgniter.php(419): CodeIgniter\CodeIgniter->runController(Object(App\Controllers\Products))
#5 D:\xamppp\htdocs\Products110025\vendor\codeigniter4\framework\system\CodeIgniter.php(326): CodeIgniter\CodeIgniter->handleRequest(NULL, Object(Config\Cache), false)
#6 D:\xamppp\htdocs\Products110025\index.php(37): CodeIgniter\CodeIgniter->run()
#7 {main}
CRITICAL - 2022-05-07 04:24:58 --> Invalid file: pro.php
#0 D:\xamppp\htdocs\Products110025\vendor\codeigniter4\framework\system\View\View.php(198): CodeIgniter\Exceptions\FrameworkException::forInvalidFile('pro.php')
#1 D:\xamppp\htdocs\Products110025\vendor\codeigniter4\framework\system\Common.php(1089): CodeIgniter\View\View->render('pro', Array, true)
#2 D:\xamppp\htdocs\Products110025\app\Controllers\Products.php(11): view('pro')
#3 D:\xamppp\htdocs\Products110025\vendor\codeigniter4\framework\system\CodeIgniter.php(832): App\Controllers\Products->index()
#4 D:\xamppp\htdocs\Products110025\vendor\codeigniter4\framework\system\CodeIgniter.php(419): CodeIgniter\CodeIgniter->runController(Object(App\Controllers\Products))
#5 D:\xamppp\htdocs\Products110025\vendor\codeigniter4\framework\system\CodeIgniter.php(326): CodeIgniter\CodeIgniter->handleRequest(NULL, Object(Config\Cache), false)
#6 D:\xamppp\htdocs\Products110025\index.php(37): CodeIgniter\CodeIgniter->run()
#7 {main}
CRITICAL - 2022-05-07 04:24:58 --> Invalid file: pro.php
#0 D:\xamppp\htdocs\Products110025\vendor\codeigniter4\framework\system\View\View.php(198): CodeIgniter\Exceptions\FrameworkException::forInvalidFile('pro.php')
#1 D:\xamppp\htdocs\Products110025\vendor\codeigniter4\framework\system\Common.php(1089): CodeIgniter\View\View->render('pro', Array, true)
#2 D:\xamppp\htdocs\Products110025\app\Controllers\Products.php(11): view('pro')
#3 D:\xamppp\htdocs\Products110025\vendor\codeigniter4\framework\system\CodeIgniter.php(832): App\Controllers\Products->index()
#4 D:\xamppp\htdocs\Products110025\vendor\codeigniter4\framework\system\CodeIgniter.php(419): CodeIgniter\CodeIgniter->runController(Object(App\Controllers\Products))
#5 D:\xamppp\htdocs\Products110025\vendor\codeigniter4\framework\system\CodeIgniter.php(326): CodeIgniter\CodeIgniter->handleRequest(NULL, Object(Config\Cache), false)
#6 D:\xamppp\htdocs\Products110025\index.php(37): CodeIgniter\CodeIgniter->run()
#7 {main}
